<?xml version="1.0" encoding="UTF-8"?>
<!-- Generated by org.testng.reporters.JUnitReportReporter -->
<testsuite hostname="praveena" failures="0" tests="1" name="userstory.Collections" time="0.008" errors="0" timestamp="2022-12-21T21:32:39 PST" skipped="0">
  <testcase classname="userstory.Collections" name="testcase" time="0.008"/>
  <system-out/>
</testsuite> <!-- userstory.Collections -->
