<?xml version="1.0" encoding="UTF-8"?>
<!-- Generated by org.testng.reporters.JUnitReportReporter -->
<testsuite hostname="praveena" failures="0" tests="4" name="userstory.AnagramsSprint1" time="0.012" errors="0" timestamp="2022-12-20T20:15:23 PST" skipped="0">
  <testcase classname="userstory.AnagramsSprint1" name="testcase2" time="0.002"/>
  <system-out/>
  <testcase classname="userstory.AnagramsSprint1" name="testcase3" time="0.001"/>
  <system-out/>
  <testcase classname="userstory.AnagramsSprint1" name="testcase1" time="0.008"/>
  <system-out/>
  <testcase classname="userstory.AnagramsSprint1" name="testcase4" time="0.001"/>
  <system-out/>
</testsuite> <!-- userstory.AnagramsSprint1 -->
