<?xml version="1.0" encoding="UTF-8"?>
<!-- Generated by org.testng.reporters.JUnitReportReporter -->
<testsuite hostname="praveena" failures="0" tests="1" name="userstory.GradeGenerator" time="0.007" errors="0" timestamp="2022-12-23T16:51:26 PST" skipped="0">
  <testcase classname="userstory.GradeGenerator" name="testcase1" time="0.007"/>
  <system-out/>
</testsuite> <!-- userstory.GradeGenerator -->
