<?xml version="1.0" encoding="UTF-8"?>
<!-- Generated by org.testng.reporters.JUnitReportReporter -->
<testsuite hostname="praveena" failures="0" tests="1" name="userstory.MathChallenge" time="0.006" errors="0" timestamp="2022-12-23T13:56:29 PST" skipped="0">
  <testcase classname="userstory.MathChallenge" name="testcase1" time="0.006"/>
  <system-out/>
</testsuite> <!-- userstory.MathChallenge -->
