<?xml version="1.0" encoding="UTF-8"?>
<!-- Generated by org.testng.reporters.JUnitReportReporter -->
<testsuite hostname="praveena" failures="0" tests="3" name="userstory.ScreenshotAssignment" time="11.536" errors="0" timestamp="2022-12-20T21:03:20 PST" skipped="0">
  <testcase classname="userstory.ScreenshotAssignment" name="testcase1" time="0.097"/>
  <system-out/>
  <testcase classname="userstory.ScreenshotAssignment" name="testcase2" time="2.593"/>
  <system-out/>
  <testcase classname="userstory.ScreenshotAssignment" name="testcase3" time="8.846"/>
  <system-out/>
</testsuite> <!-- userstory.ScreenshotAssignment -->
