<?xml version="1.0" encoding="UTF-8"?>
<!-- Generated by org.testng.reporters.JUnitReportReporter -->
<testsuite hostname="praveena" failures="0" tests="2" name="userstory.PhoneBillgenerator" time="0.016" errors="0" timestamp="2022-12-21T15:53:25 PST" skipped="0">
  <testcase classname="userstory.PhoneBillgenerator" name="testcase2" time="0.002"/>
  <system-out/>
  <testcase classname="userstory.PhoneBillgenerator" name="testcase1" time="0.014"/>
  <system-out/>
</testsuite> <!-- userstory.PhoneBillgenerator -->
