<?xml version="1.0" encoding="UTF-8"?>
<!-- Generated by org.testng.reporters.JUnitReportReporter -->
<testsuite hostname="praveena" failures="0" tests="7" name="library.Utilityclass" time="0.662" errors="0" timestamp="2022-12-25T14:40:28 PST" skipped="0">
  <testcase classname="library.Utilityclass" name="testcase5" time="0.058"/>
  <system-out/>
  <testcase classname="library.Utilityclass" name="testcase7" time="0.067"/>
  <system-out/>
  <testcase classname="library.Utilityclass" name="testcase2" time="0.125"/>
  <system-out/>
  <testcase classname="library.Utilityclass" name="testcase1" time="0.212"/>
  <system-out/>
  <testcase classname="library.Utilityclass" name="testcase4" time="0.024"/>
  <system-out/>
  <testcase classname="library.Utilityclass" name="testcase3" time="0.126"/>
  <system-out/>
  <testcase classname="library.Utilityclass" name="testcase6" time="0.050"/>
  <system-out/>
</testsuite> <!-- library.Utilityclass -->
