<?xml version="1.0" encoding="UTF-8"?>
<!-- Generated by org.testng.reporters.JUnitReportReporter -->
<testsuite hostname="praveena" failures="0" tests="1" name="userstory.ArrangeArray" time="0.008" errors="0" timestamp="2023-01-02T21:02:51 PST" skipped="0">
  <testcase classname="userstory.ArrangeArray" name="testcase1" time="0.008"/>
  <system-out/>
</testsuite> <!-- userstory.ArrangeArray -->
